0 info it worked if it ends with ok
1 verbose cli [ 'node', '/usr/local/bin/npm', 'install', 'bootstrap' ]
2 info using npm@2.7.5
3 info using node@v0.10.33
4 warn package.json hackforindy@ No repository field.
5 silly cache add args [ 'bootstrap', null ]
6 verbose cache add spec bootstrap
7 silly cache add parsed spec { raw: 'bootstrap',
7 silly cache add   scope: null,
7 silly cache add   name: 'bootstrap',
7 silly cache add   rawSpec: '',
7 silly cache add   spec: '*',
7 silly cache add   type: 'range' }
8 verbose addNamed bootstrap@*
9 silly addNamed semver.valid null
10 silly addNamed semver.validRange *
11 silly addNameRange { name: 'bootstrap', range: '*', hasData: false }
12 silly mapToRegistry name bootstrap
13 silly mapToRegistry using default registry
14 silly mapToRegistry registry https://registry.npmjs.org/
15 silly mapToRegistry uri https://registry.npmjs.org/bootstrap
16 verbose addNameRange registry:https://registry.npmjs.org/bootstrap not in flight; fetching
17 verbose request uri https://registry.npmjs.org/bootstrap
18 verbose request no auth needed
19 info attempt registry request try #1 at 13:57:14
20 verbose request id 80bb4361f89ee2a5
21 http request GET https://registry.npmjs.org/bootstrap
22 http 200 https://registry.npmjs.org/bootstrap
23 silly get cb [ 200,
23 silly get   { server: 'CouchDB/1.5.0 (Erlang OTP/R16B03)',
23 silly get     etag: '"58CUDJHR96R2DH4ZM9SK7CT7U"',
23 silly get     'content-type': 'application/json',
23 silly get     'cache-control': 'max-age=60',
23 silly get     'content-length': '23387',
23 silly get     'accept-ranges': 'bytes',
23 silly get     date: 'Sat, 06 Jun 2015 17:57:14 GMT',
23 silly get     via: '1.1 varnish',
23 silly get     age: '0',
23 silly get     connection: 'keep-alive',
23 silly get     'x-served-by': 'cache-dfw1825-DFW',
23 silly get     'x-cache': 'MISS',
23 silly get     'x-cache-hits': '0',
23 silly get     'x-timer': 'S1433613434.749451,VS0,VE191',
23 silly get     vary: 'Accept' } ]
24 verbose get saving bootstrap to /Users/Michelle/.npm/registry.npmjs.org/bootstrap/.cache.json
25 silly addNameRange number 2 { name: 'bootstrap', range: '*', hasData: true }
26 silly addNameRange versions [ 'bootstrap',
26 silly addNameRange   [ '0.0.1',
26 silly addNameRange     '0.0.2',
26 silly addNameRange     '3.1.1',
26 silly addNameRange     '3.2.0',
26 silly addNameRange     '3.3.0',
26 silly addNameRange     '3.3.1',
26 silly addNameRange     '3.3.2',
26 silly addNameRange     '3.3.4' ] ]
27 verbose addNamed bootstrap@3.3.4
28 silly addNamed semver.valid 3.3.4
29 silly addNamed semver.validRange 3.3.4
30 silly mapToRegistry name bootstrap
31 silly mapToRegistry using default registry
32 silly mapToRegistry registry https://registry.npmjs.org/
33 silly mapToRegistry uri https://registry.npmjs.org/bootstrap
34 verbose addRemoteTarball https://registry.npmjs.org/bootstrap/-/bootstrap-3.3.4.tgz not in flight; adding
35 verbose addRemoteTarball [ 'https://registry.npmjs.org/bootstrap/-/bootstrap-3.3.4.tgz',
35 verbose addRemoteTarball   '02378b4a6b6ce7a55e3add1edae41ad79f74646a' ]
36 info retry fetch attempt 1 at 13:57:14
37 info attempt registry request try #1 at 13:57:14
38 http fetch GET https://registry.npmjs.org/bootstrap/-/bootstrap-3.3.4.tgz
39 http fetch 200 https://registry.npmjs.org/bootstrap/-/bootstrap-3.3.4.tgz
40 silly fetchAndShaCheck shasum 02378b4a6b6ce7a55e3add1edae41ad79f74646a
41 verbose addTmpTarball /var/folders/bs/0dp7t5p90gx1zgj0mzfd91kc0000gn/T/npm-4464-8f23d94c/registry.npmjs.org/bootstrap/-/bootstrap-3.3.4.tgz not in flight; adding
42 verbose addTmpTarball already have metadata; skipping unpack for bootstrap@3.3.4
43 silly cache afterAdd bootstrap@3.3.4
44 verbose afterAdd /Users/Michelle/.npm/bootstrap/3.3.4/package/package.json not in flight; writing
45 verbose afterAdd /Users/Michelle/.npm/bootstrap/3.3.4/package/package.json written
46 silly install resolved [ { name: 'bootstrap',
46 silly install resolved     description: 'The most popular front-end framework for developing responsive, mobile first projects on the web.',
46 silly install resolved     version: '3.3.4',
46 silly install resolved     keywords:
46 silly install resolved      [ 'css',
46 silly install resolved        'less',
46 silly install resolved        'mobile-first',
46 silly install resolved        'responsive',
46 silly install resolved        'front-end',
46 silly install resolved        'framework',
46 silly install resolved        'web' ],
46 silly install resolved     homepage: 'http://getbootstrap.com',
46 silly install resolved     author: { name: 'Twitter, Inc.' },
46 silly install resolved     scripts: { test: 'grunt test' },
46 silly install resolved     style: 'dist/css/bootstrap.css',
46 silly install resolved     less: 'less/bootstrap.less',
46 silly install resolved     main: './dist/js/npm',
46 silly install resolved     repository: { type: 'git', url: 'https://github.com/twbs/bootstrap.git' },
46 silly install resolved     bugs: { url: 'https://github.com/twbs/bootstrap/issues' },
46 silly install resolved     license:
46 silly install resolved      { type: 'MIT',
46 silly install resolved        url: 'https://github.com/twbs/bootstrap/blob/master/LICENSE' },
46 silly install resolved     devDependencies:
46 silly install resolved      { btoa: '~1.1.2',
46 silly install resolved        glob: '~5.0.3',
46 silly install resolved        grunt: '~0.4.5',
46 silly install resolved        'grunt-autoprefixer': '~2.2.0',
46 silly install resolved        'grunt-banner': '~0.3.1',
46 silly install resolved        'grunt-contrib-clean': '~0.6.0',
46 silly install resolved        'grunt-contrib-compress': '~0.13.0',
46 silly install resolved        'grunt-contrib-concat': '~0.5.1',
46 silly install resolved        'grunt-contrib-connect': '~0.9.0',
46 silly install resolved        'grunt-contrib-copy': '~0.8.0',
46 silly install resolved        'grunt-contrib-csslint': '~0.4.0',
46 silly install resolved        'grunt-contrib-cssmin': '~0.12.2',
46 silly install resolved        'grunt-contrib-jade': '~0.14.1',
46 silly install resolved        'grunt-contrib-jshint': '~0.11.0',
46 silly install resolved        'grunt-contrib-less': '~1.0.0',
46 silly install resolved        'grunt-contrib-qunit': '~0.5.2',
46 silly install resolved        'grunt-contrib-uglify': '~0.8.0',
46 silly install resolved        'grunt-contrib-watch': '~0.6.1',
46 silly install resolved        'grunt-csscomb': '~3.0.0',
46 silly install resolved        'grunt-exec': '~0.4.6',
46 silly install resolved        'grunt-html': '~4.0.1',
46 silly install resolved        'grunt-jekyll': '~0.4.2',
46 silly install resolved        'grunt-jscs': '~1.5.0',
46 silly install resolved        'grunt-saucelabs': '~8.6.0',
46 silly install resolved        'grunt-sed': '~0.1.1',
46 silly install resolved        'load-grunt-tasks': '~3.1.0',
46 silly install resolved        'markdown-it': '^4.0.1',
46 silly install resolved        'npm-shrinkwrap': '^200.1.0',
46 silly install resolved        'time-grunt': '^1.1.0' },
46 silly install resolved     engines: { node: '>=0.10.1' },
46 silly install resolved     files:
46 silly install resolved      [ 'dist',
46 silly install resolved        'fonts',
46 silly install resolved        'grunt/*.js',
46 silly install resolved        'grunt/*.json',
46 silly install resolved        'js/*.js',
46 silly install resolved        'less/**/*.less',
46 silly install resolved        'Gruntfile.js',
46 silly install resolved        'LICENSE' ],
46 silly install resolved     jspm:
46 silly install resolved      { main: 'js/bootstrap',
46 silly install resolved        directories: [Object],
46 silly install resolved        shim: [Object],
46 silly install resolved        buildConfig: [Object] },
46 silly install resolved     gitHead: 'f5250d0a0e2a7cfed77f55654027ff151ebe5aeb',
46 silly install resolved     _id: 'bootstrap@3.3.4',
46 silly install resolved     _shasum: '02378b4a6b6ce7a55e3add1edae41ad79f74646a',
46 silly install resolved     _from: 'bootstrap@*',
46 silly install resolved     _npmVersion: '2.5.1',
46 silly install resolved     _nodeVersion: '0.12.0',
46 silly install resolved     _npmUser: { name: 'twbs', email: 'getbootstrap@gmail.com' },
46 silly install resolved     maintainers: [ [Object] ],
46 silly install resolved     dist:
46 silly install resolved      { shasum: '02378b4a6b6ce7a55e3add1edae41ad79f74646a',
46 silly install resolved        tarball: 'http://registry.npmjs.org/bootstrap/-/bootstrap-3.3.4.tgz' },
46 silly install resolved     directories: {},
46 silly install resolved     _resolved: 'https://registry.npmjs.org/bootstrap/-/bootstrap-3.3.4.tgz' } ]
47 info install bootstrap@3.3.4 into /Users/Michelle/hackforindy
48 info installOne bootstrap@3.3.4
49 verbose installOne of bootstrap to /Users/Michelle/hackforindy not in flight; installing
50 warn locking Error: EACCES, open '/Users/Michelle/.npm/_locks/bootstrap-2d3fe14bba771610.lock'
50 warn locking  /Users/Michelle/.npm/_locks/bootstrap-2d3fe14bba771610.lock failed { [Error: EACCES, open '/Users/Michelle/.npm/_locks/bootstrap-2d3fe14bba771610.lock']
50 warn locking   errno: 3,
50 warn locking   code: 'EACCES',
50 warn locking   path: '/Users/Michelle/.npm/_locks/bootstrap-2d3fe14bba771610.lock' }
51 verbose stack Error: Attempt to unlock /Users/Michelle/hackforindy/node_modules/bootstrap, which hasn't been locked
51 verbose stack     at unlock (/usr/local/lib/node_modules/npm/lib/utils/locker.js:66:11)
51 verbose stack     at cb (/usr/local/lib/node_modules/npm/lib/install.js:1004:5)
51 verbose stack     at /usr/local/lib/node_modules/npm/lib/install.js:1008:20
51 verbose stack     at /usr/local/lib/node_modules/npm/lib/utils/locker.js:40:9
51 verbose stack     at cb (/usr/local/lib/node_modules/npm/node_modules/lockfile/lockfile.js:149:38)
51 verbose stack     at /usr/local/lib/node_modules/npm/node_modules/lockfile/lockfile.js:177:38
51 verbose stack     at Object.oncomplete (fs.js:107:15)
52 verbose cwd /Users/Michelle/hackforindy
53 error Darwin 14.3.0
54 error argv "node" "/usr/local/bin/npm" "install" "bootstrap"
55 error node v0.10.33
56 error npm  v2.7.5
57 error Attempt to unlock /Users/Michelle/hackforindy/node_modules/bootstrap, which hasn't been locked
58 error If you need help, you may report this error at:
58 error     <https://github.com/npm/npm/issues>
59 verbose exit [ 1, true ]
